This is pdfTeX, Version 3.14159265-2.6-1.40.19 (TeX Live 2018) (preloaded format=pdflatex 2018.4.16)  24 JUN 2019 09:10
entering extended mode
 restricted \write18 enabled.
 %&-line parsing enabled.
**relatorio.tex
(./relatorio.tex
LaTeX2e <2018-04-01> patch level 2
Babel <3.18> and hyphenation patterns for 84 language(s) loaded.
(/usr/local/texlive/2018/texmf-dist/tex/latex/base/report.cls
Document Class: report 2014/09/29 v1.4h Standard LaTeX document class
(/usr/local/texlive/2018/texmf-dist/tex/latex/base/size12.clo
File: size12.clo 2014/09/29 v1.4h Standard LaTeX file (size option)
)
\c@part=\count80
\c@chapter=\count81
\c@section=\count82
\c@subsection=\count83
\c@subsubsection=\count84
\c@paragraph=\count85
\c@subparagraph=\count86
\c@figure=\count87
\c@table=\count88
\abovecaptionskip=\skip41
\belowcaptionskip=\skip42
\bibindent=\dimen102
)
(/usr/local/texlive/2018/texmf-dist/tex/latex/base/inputenc.sty
Package: inputenc 2018/04/06 v1.3b Input encoding file
\inpenc@prehook=\toks14
\inpenc@posthook=\toks15
)
(/usr/local/texlive/2018/texmf-dist/tex/generic/babel/babel.sty
Package: babel 2018/02/14 3.18 The Babel package

(/usr/local/texlive/2018/texmf-dist/tex/generic/babel/switch.def
File: switch.def 2018/02/14 3.18 Babel switching mechanism
)
(/usr/local/texlive/2018/texmf-dist/tex/generic/babel-portuges/portuges.ldf
Language: portuges 2008/03/18 v1.2q Portuguese support from the babel system

(/usr/local/texlive/2018/texmf-dist/tex/generic/babel/babel.def
File: babel.def 2018/02/14 3.18 Babel common definitions
\babel@savecnt=\count89
\U@D=\dimen103

(/usr/local/texlive/2018/texmf-dist/tex/generic/babel/txtbabel.def)
\bbl@dirlevel=\count90
)
\l@brazil = a dialect from \language\l@portuges 
Package babel Info: Making " an active character on input line 145.
))
(/usr/local/texlive/2018/texmf-dist/tex/latex/amsmath/amsmath.sty
Package: amsmath 2017/09/02 v2.17a AMS math features
\@mathmargin=\skip43

For additional information on amsmath, use the `?' option.
(/usr/local/texlive/2018/texmf-dist/tex/latex/amsmath/amstext.sty
Package: amstext 2000/06/29 v2.01 AMS text

(/usr/local/texlive/2018/texmf-dist/tex/latex/amsmath/amsgen.sty
File: amsgen.sty 1999/11/30 v2.0 generic functions
\@emptytoks=\toks16
\ex@=\dimen104
))
(/usr/local/texlive/2018/texmf-dist/tex/latex/amsmath/amsbsy.sty
Package: amsbsy 1999/11/29 v1.2d Bold Symbols
\pmbraise@=\dimen105
)
(/usr/local/texlive/2018/texmf-dist/tex/latex/amsmath/amsopn.sty
Package: amsopn 2016/03/08 v2.02 operator names
)
\inf@bad=\count91
LaTeX Info: Redefining \frac on input line 213.
\uproot@=\count92
\leftroot@=\count93
LaTeX Info: Redefining \overline on input line 375.
\classnum@=\count94
\DOTSCASE@=\count95
LaTeX Info: Redefining \ldots on input line 472.
LaTeX Info: Redefining \dots on input line 475.
LaTeX Info: Redefining \cdots on input line 596.
\Mathstrutbox@=\box26
\strutbox@=\box27
\big@size=\dimen106
LaTeX Font Info:    Redeclaring font encoding OML on input line 712.
LaTeX Font Info:    Redeclaring font encoding OMS on input line 713.
\macc@depth=\count96
\c@MaxMatrixCols=\count97
\dotsspace@=\muskip10
\c@parentequation=\count98
\dspbrk@lvl=\count99
\tag@help=\toks17
\row@=\count100
\column@=\count101
\maxfields@=\count102
\andhelp@=\toks18
\eqnshift@=\dimen107
\alignsep@=\dimen108
\tagshift@=\dimen109
\tagwidth@=\dimen110
\totwidth@=\dimen111
\lineht@=\dimen112
\@envbody=\toks19
\multlinegap=\skip44
\multlinetaggap=\skip45
\mathdisplay@stack=\toks20
LaTeX Info: Redefining \[ on input line 2817.
LaTeX Info: Redefining \] on input line 2818.
)
(/usr/local/texlive/2018/texmf-dist/tex/latex/amscls/amsthm.sty
Package: amsthm 2017/10/31 v2.20.4
\thm@style=\toks21
\thm@bodyfont=\toks22
\thm@headfont=\toks23
\thm@notefont=\toks24
\thm@headpunct=\toks25
\thm@preskip=\skip46
\thm@postskip=\skip47
\thm@headsep=\skip48
\dth@everypar=\toks26
)
(/usr/local/texlive/2018/texmf-dist/tex/latex/amsfonts/amsfonts.sty
Package: amsfonts 2013/01/14 v3.01 Basic AMSFonts support
\symAMSa=\mathgroup4
\symAMSb=\mathgroup5
LaTeX Font Info:    Overwriting math alphabet `\mathfrak' in version `bold'
(Font)                  U/euf/m/n --> U/euf/b/n on input line 106.
)
(/usr/local/texlive/2018/texmf-dist/tex/latex/amsfonts/amssymb.sty
Package: amssymb 2013/01/14 v3.01 AMS font symbols
)
(/usr/local/texlive/2018/texmf-dist/tex/latex/graphics/graphicx.sty
Package: graphicx 2017/06/01 v1.1a Enhanced LaTeX Graphics (DPC,SPQR)

(/usr/local/texlive/2018/texmf-dist/tex/latex/graphics/keyval.sty
Package: keyval 2014/10/28 v1.15 key=value parser (DPC)
\KV@toks@=\toks27
)
(/usr/local/texlive/2018/texmf-dist/tex/latex/graphics/graphics.sty
Package: graphics 2017/06/25 v1.2c Standard LaTeX Graphics (DPC,SPQR)

(/usr/local/texlive/2018/texmf-dist/tex/latex/graphics/trig.sty
Package: trig 2016/01/03 v1.10 sin cos tan (DPC)
)
(/usr/local/texlive/2018/texmf-dist/tex/latex/graphics-cfg/graphics.cfg
File: graphics.cfg 2016/06/04 v1.11 sample graphics configuration
)
Package graphics Info: Driver file: pdftex.def on input line 99.

(/usr/local/texlive/2018/texmf-dist/tex/latex/graphics-def/pdftex.def
File: pdftex.def 2018/01/08 v1.0l Graphics/color driver for pdftex
))
\Gin@req@height=\dimen113
\Gin@req@width=\dimen114
)
(/usr/local/texlive/2018/texmf-dist/tex/latex/subfigure/subfigure.sty
Package: subfigure 2002/03/15 v2.1.5 subfigure package
\subfigtopskip=\skip49
\subfigcapskip=\skip50
\subfigcaptopadj=\dimen115
\subfigbottomskip=\skip51
\subfigcapmargin=\dimen116
\subfiglabelskip=\skip52
\c@subfigure=\count103
\c@lofdepth=\count104
\c@subtable=\count105
\c@lotdepth=\count106

****************************************
* Local config file subfigure.cfg used *
****************************************
(/usr/local/texlive/2018/texmf-dist/tex/latex/subfigure/subfigure.cfg)
\subfig@top=\skip53
\subfig@bottom=\skip54
)
(/usr/local/texlive/2018/texmf-dist/tex/latex/multirow/multirow.sty
Package: multirow 2016/11/25 v2.2 Span multiple rows of a table
\multirow@colwidth=\skip55
\multirow@cntb=\count107
\multirow@dima=\skip56
\bigstrutjot=\dimen117
)
(/usr/local/texlive/2018/texmf-dist/tex/latex/float/float.sty
Package: float 2001/11/08 v1.3d Float enhancements (AL)
\c@float@type=\count108
\float@exts=\toks28
\float@box=\box28
\@float@everytoks=\toks29
\@floatcapt=\box29
)
(/usr/local/texlive/2018/texmf-dist/tex/latex/natbib/natbib.sty
Package: natbib 2010/09/13 8.31b (PWD, AO)
\bibhang=\skip57
\bibsep=\skip58
LaTeX Info: Redefining \cite on input line 694.
\c@NAT@ctr=\count109
)
(/usr/local/texlive/2018/texmf-dist/tex/latex/geometry/geometry.sty
Package: geometry 2018/03/24 v5.7 Page Geometry

(/usr/local/texlive/2018/texmf-dist/tex/generic/oberdiek/ifpdf.sty
Package: ifpdf 2017/03/15 v3.2 Provides the ifpdf switch
)
(/usr/local/texlive/2018/texmf-dist/tex/generic/oberdiek/ifvtex.sty
Package: ifvtex 2016/05/16 v1.6 Detect VTeX and its facilities (HO)
Package ifvtex Info: VTeX not detected.
)
(/usr/local/texlive/2018/texmf-dist/tex/generic/ifxetex/ifxetex.sty
Package: ifxetex 2010/09/12 v0.6 Provides ifxetex conditional
)
\Gm@cnth=\count110
\Gm@cntv=\count111
\c@Gm@tempcnt=\count112
\Gm@bindingoffset=\dimen118
\Gm@wd@mp=\dimen119
\Gm@odd@mp=\dimen120
\Gm@even@mp=\dimen121
\Gm@layoutwidth=\dimen122
\Gm@layoutheight=\dimen123
\Gm@layouthoffset=\dimen124
\Gm@layoutvoffset=\dimen125
\Gm@dimlist=\toks30
)
\c@theorem=\count113
\c@lemma=\count114
\c@definition=\count115

(./relatorio.aux

LaTeX Warning: Label `splin' multiply defined.


LaTeX Warning: Label `splin' multiply defined.


LaTeX Warning: Label `splin' multiply defined.


LaTeX Warning: Label `splin' multiply defined.


LaTeX Warning: Label `splin' multiply defined.


LaTeX Warning: Label `splin' multiply defined.


LaTeX Warning: Label `tabla4' multiply defined.


LaTeX Warning: Label `splin' multiply defined.


LaTeX Warning: Label `splin' multiply defined.


LaTeX Warning: Label `splin' multiply defined.


LaTeX Warning: Label `splin' multiply defined.


LaTeX Warning: Label `tabla4' multiply defined.

)
\openout1 = `relatorio.aux'.

LaTeX Font Info:    Checking defaults for OML/cmm/m/it on input line 21.
LaTeX Font Info:    ... okay on input line 21.
LaTeX Font Info:    Checking defaults for T1/cmr/m/n on input line 21.
LaTeX Font Info:    ... okay on input line 21.
LaTeX Font Info:    Checking defaults for OT1/cmr/m/n on input line 21.
LaTeX Font Info:    ... okay on input line 21.
LaTeX Font Info:    Checking defaults for OMS/cmsy/m/n on input line 21.
LaTeX Font Info:    ... okay on input line 21.
LaTeX Font Info:    Checking defaults for OMX/cmex/m/n on input line 21.
LaTeX Font Info:    ... okay on input line 21.
LaTeX Font Info:    Checking defaults for U/cmr/m/n on input line 21.
LaTeX Font Info:    ... okay on input line 21.
 (/usr/local/texlive/2018/texmf-dist/tex/context/base/mkii/supp-pdf.mkii
[Loading MPS to PDF converter (version 2006.09.02).]
\scratchcounter=\count116
\scratchdimen=\dimen126
\scratchbox=\box30
\nofMPsegments=\count117
\nofMParguments=\count118
\everyMPshowfont=\toks31
\MPscratchCnt=\count119
\MPscratchDim=\dimen127
\MPnumerator=\count120
\makeMPintoPDFobject=\count121
\everyMPtoPDFconversion=\toks32
) (/usr/local/texlive/2018/texmf-dist/tex/latex/oberdiek/epstopdf-base.sty
Package: epstopdf-base 2016/05/15 v2.6 Base part for package epstopdf

(/usr/local/texlive/2018/texmf-dist/tex/generic/oberdiek/infwarerr.sty
Package: infwarerr 2016/05/16 v1.4 Providing info/warning/error messages (HO)
)
(/usr/local/texlive/2018/texmf-dist/tex/latex/oberdiek/grfext.sty
Package: grfext 2016/05/16 v1.2 Manage graphics extensions (HO)

(/usr/local/texlive/2018/texmf-dist/tex/generic/oberdiek/kvdefinekeys.sty
Package: kvdefinekeys 2016/05/16 v1.4 Define keys (HO)

(/usr/local/texlive/2018/texmf-dist/tex/generic/oberdiek/ltxcmds.sty
Package: ltxcmds 2016/05/16 v1.23 LaTeX kernel commands for general use (HO)
)))
(/usr/local/texlive/2018/texmf-dist/tex/latex/oberdiek/kvoptions.sty
Package: kvoptions 2016/05/16 v3.12 Key value format for package options (HO)

(/usr/local/texlive/2018/texmf-dist/tex/generic/oberdiek/kvsetkeys.sty
Package: kvsetkeys 2016/05/16 v1.17 Key value parser (HO)

(/usr/local/texlive/2018/texmf-dist/tex/generic/oberdiek/etexcmds.sty
Package: etexcmds 2016/05/16 v1.6 Avoid name clashes with e-TeX commands (HO)

(/usr/local/texlive/2018/texmf-dist/tex/generic/oberdiek/ifluatex.sty
Package: ifluatex 2016/05/16 v1.4 Provides the ifluatex switch (HO)
Package ifluatex Info: LuaTeX not detected.
)
Package etexcmds Info: Could not find \expanded.
(etexcmds)             That can mean that you are not using pdfTeX 1.50 or
(etexcmds)             that some package has redefined \expanded.
(etexcmds)             In the latter case, load this package earlier.
)))
(/usr/local/texlive/2018/texmf-dist/tex/generic/oberdiek/pdftexcmds.sty
Package: pdftexcmds 2018/01/30 v0.27 Utility functions of pdfTeX for LuaTeX (HO
)
Package pdftexcmds Info: LuaTeX not detected.
Package pdftexcmds Info: \pdf@primitive is available.
Package pdftexcmds Info: \pdf@ifprimitive is available.
Package pdftexcmds Info: \pdfdraftmode found.
)
Package epstopdf-base Info: Redefining graphics rule for `.eps' on input line 4
38.
Package grfext Info: Graphics extension search list:
(grfext)             [.pdf,.png,.jpg,.mps,.jpeg,.jbig2,.jb2,.PDF,.PNG,.JPG,.JPE
G,.JBIG2,.JB2,.eps]
(grfext)             \AppendGraphicsExtensions on input line 456.

(/usr/local/texlive/2018/texmf-dist/tex/latex/latexconfig/epstopdf-sys.cfg
File: epstopdf-sys.cfg 2010/07/13 v1.3 Configuration of (r)epstopdf for TeX Liv
e
))
*geometry* driver: auto-detecting
*geometry* detected driver: pdftex
*geometry* verbose mode - [ preamble ] result:
* driver: pdftex
* paper: a4paper
* layout: <same size as paper>
* layoutoffset:(h,v)=(0.0pt,0.0pt)
* modes: 
* h-part:(L,W,R)=(56.9055pt, 483.69687pt, 56.9055pt)
* v-part:(T,H,B)=(56.9055pt, 731.23584pt, 56.9055pt)
* \paperwidth=597.50787pt
* \paperheight=845.04684pt
* \textwidth=483.69687pt
* \textheight=731.23584pt
* \oddsidemargin=-15.36449pt
* \evensidemargin=-15.36449pt
* \topmargin=-52.36449pt
* \headheight=12.0pt
* \headsep=25.0pt
* \topskip=12.0pt
* \footskip=30.0pt
* \marginparwidth=35.0pt
* \marginparsep=10.0pt
* \columnsep=10.0pt
* \skip\footins=10.8pt plus 4.0pt minus 2.0pt
* \hoffset=0.0pt
* \voffset=0.0pt
* \mag=1000
* \@twocolumnfalse
* \@twosidefalse
* \@mparswitchfalse
* \@reversemarginfalse
* (1in=72.27pt=25.4mm, 1cm=28.453pt)

LaTeX Font Info:    Try loading font information for U+msa on input line 24.
(/usr/local/texlive/2018/texmf-dist/tex/latex/amsfonts/umsa.fd
File: umsa.fd 2013/01/14 v3.01 AMS symbols A
)
LaTeX Font Info:    Try loading font information for U+msb on input line 24.

(/usr/local/texlive/2018/texmf-dist/tex/latex/amsfonts/umsb.fd
File: umsb.fd 2013/01/14 v3.01 AMS symbols B
) [1

{/usr/local/texlive/2018/texmf-var/fonts/map/pdftex/updmap/pdftex.map}]
Underfull \hbox (badness 10000) in paragraph at lines 83--85

 []

[2]
Underfull \hbox (badness 10000) in paragraph at lines 128--129

 []

<splin.png, id=21, 1516.66624pt x 416.55624pt>
File: splin.png Graphic file (type png)
<use splin.png>
Package pdftex.def Info: splin.png  used on input line 149.
(pdftex.def)             Requested size: 483.69687pt x 132.84308pt.
<spcub.png, id=23, 1513.655pt x 689.57625pt>
File: spcub.png Graphic file (type png)
<use spcub.png>
Package pdftex.def Info: spcub.png  used on input line 154.
(pdftex.def)             Requested size: 483.69687pt x 220.35324pt.

Overfull \hbox (3.22997pt too wide) in paragraph at lines 145--159
\OML/cmm/m/it/12 ^^^[]\OT1/cmr/m/n/12 (\OML/cmm/m/it/12 x\OT1/cmr/m/n/12 ) \OMS
/cmsy/m/n/12 ^^@ \OT1/cmr/m/n/12 4 \OML/cmm/m/it/12 ^^^[]\OT1/cmr/m/n/12 (\OML/
cmm/m/it/12 x\OT1/cmr/m/n/12 )$, $\OML/cmm/m/it/12 ^^^[]\OT1/cmr/m/n/12 (\OML/c
mm/m/it/12 x\OT1/cmr/m/n/12 ) \OMS/cmsy/m/n/12 ^^@ \OML/cmm/m/it/12 ^^^[]\OT1/c
mr/m/n/12 (\OML/cmm/m/it/12 x\OT1/cmr/m/n/12 )$ . As-sim, obt^em-se no-vos ele-
men-tos b^^Sasicos $\OML/cmm/m/it/12 ^^^[]; ^^^[]; [] ; ^^^[]$
 []

[3] [4 <./splin.png> <./spcub.png>]
LaTeX Font Info:    Try loading font information for OMS+cmr on input line 163.


(/usr/local/texlive/2018/texmf-dist/tex/latex/base/omscmr.fd
File: omscmr.fd 2014/09/29 v2.5h Standard LaTeX font definitions
)
LaTeX Font Info:    Font shape `OMS/cmr/m/n' in size <12> not available
(Font)              Font shape `OMS/cmsy/m/n' tried instead on input line 163.
 [5]
<splin7.pdf, id=37, 642.4pt x 481.8pt>
File: splin7.pdf Graphic file (type pdf)
<use splin7.pdf>
Package pdftex.def Info: splin7.pdf  used on input line 196.
(pdftex.def)             Requested size: 386.95897pt x 290.22908pt.
 [6 <./splin7.pdf>]
<splin15.pdf, id=50, 642.4pt x 481.8pt>
File: splin15.pdf Graphic file (type pdf)
<use splin15.pdf>
Package pdftex.def Info: splin15.pdf  used on input line 202.
(pdftex.def)             Requested size: 386.95897pt x 290.22908pt.
<splin31.pdf, id=51, 642.4pt x 481.8pt>
File: splin31.pdf Graphic file (type pdf)
<use splin31.pdf>
Package pdftex.def Info: splin31.pdf  used on input line 207.
(pdftex.def)             Requested size: 386.95897pt x 290.22908pt.
<splin63.pdf, id=52, 642.4pt x 481.8pt>
File: splin63.pdf Graphic file (type pdf)
<use splin63.pdf>
Package pdftex.def Info: splin63.pdf  used on input line 212.
(pdftex.def)             Requested size: 386.95897pt x 290.22908pt.


LaTeX Warning: `!h' float specifier changed to `!ht'.

<spcub7.pdf, id=53, 642.4pt x 481.8pt>
File: spcub7.pdf Graphic file (type pdf)
<use spcub7.pdf>
Package pdftex.def Info: spcub7.pdf  used on input line 220.
(pdftex.def)             Requested size: 232.17242pt x 174.1242pt.
<spcub15.pdf, id=54, 642.4pt x 481.8pt>
File: spcub15.pdf Graphic file (type pdf)
<use spcub15.pdf>
Package pdftex.def Info: spcub15.pdf  used on input line 223.
(pdftex.def)             Requested size: 232.17242pt x 174.1242pt.
<spcub31.pdf, id=55, 642.4pt x 481.8pt>
File: spcub31.pdf Graphic file (type pdf)
<use spcub31.pdf>
Package pdftex.def Info: spcub31.pdf  used on input line 226.
(pdftex.def)             Requested size: 232.17242pt x 174.1242pt.
<spcub63.pdf, id=56, 642.4pt x 481.8pt>
File: spcub63.pdf Graphic file (type pdf)
<use spcub63.pdf>
Package pdftex.def Info: spcub63.pdf  used on input line 229.
(pdftex.def)             Requested size: 232.17242pt x 174.1242pt.
[7 <./splin15.pdf> <./splin31.pdf>]
Overfull \vbox (16.7416pt too high) has occurred while \output is active []


[8 <./splin63.pdf> <./spcub7.pdf> <./spcub15.pdf> <./spcub31.pdf> <./spcub63.pd
f>]
<t2splin7.pdf, id=128, 642.4pt x 481.8pt>
File: t2splin7.pdf Graphic file (type pdf)
<use t2splin7.pdf>
Package pdftex.def Info: t2splin7.pdf  used on input line 258.
(pdftex.def)             Requested size: 386.95897pt x 290.22908pt.
<t2splin15.pdf, id=129, 642.4pt x 481.8pt>
File: t2splin15.pdf Graphic file (type pdf)
<use t2splin15.pdf>
Package pdftex.def Info: t2splin15.pdf  used on input line 264.
(pdftex.def)             Requested size: 386.95897pt x 290.22908pt.
<t2spcub7.pdf, id=130, 642.4pt x 481.8pt>
File: t2spcub7.pdf Graphic file (type pdf)
<use t2spcub7.pdf>
Package pdftex.def Info: t2spcub7.pdf  used on input line 272.
(pdftex.def)             Requested size: 232.17242pt x 174.1242pt.
<t2spcub15.pdf, id=131, 642.4pt x 481.8pt>
File: t2spcub15.pdf Graphic file (type pdf)
<use t2spcub15.pdf>
Package pdftex.def Info: t2spcub15.pdf  used on input line 275.
(pdftex.def)             Requested size: 232.17242pt x 174.1242pt.
 [9 <./t2splin7.pdf>] [10 <./t2splin15.pdf> <./t2spcub7.pdf> <./t2spcub15.pdf>]
<t3splin7.pdf, id=175, 642.4pt x 481.8pt>
File: t3splin7.pdf Graphic file (type pdf)
<use t3splin7.pdf>
Package pdftex.def Info: t3splin7.pdf  used on input line 318.
(pdftex.def)             Requested size: 386.95897pt x 290.22908pt.
<t3splin15.pdf, id=176, 642.4pt x 481.8pt>
File: t3splin15.pdf Graphic file (type pdf)
<use t3splin15.pdf>
Package pdftex.def Info: t3splin15.pdf  used on input line 323.
(pdftex.def)             Requested size: 386.95897pt x 290.22908pt.
<t3splin31.pdf, id=177, 642.4pt x 481.8pt>
File: t3splin31.pdf Graphic file (type pdf)
<use t3splin31.pdf>
Package pdftex.def Info: t3splin31.pdf  used on input line 328.
(pdftex.def)             Requested size: 386.95897pt x 290.22908pt.
 [11 <./t3splin7.pdf>]
<t3splin63.pdf, id=190, 642.4pt x 481.8pt>
File: t3splin63.pdf Graphic file (type pdf)
<use t3splin63.pdf>
Package pdftex.def Info: t3splin63.pdf  used on input line 333.
(pdftex.def)             Requested size: 338.58632pt x 253.94861pt.
 [12 <./t3splin15.pdf> <./t3splin31.pdf>]
<t3spcub7.pdf, id=212, 642.4pt x 481.8pt>
File: t3spcub7.pdf Graphic file (type pdf)
<use t3spcub7.pdf>
Package pdftex.def Info: t3spcub7.pdf  used on input line 341.
(pdftex.def)             Requested size: 232.17242pt x 174.1242pt.
<t3spcub15.pdf, id=213, 642.4pt x 481.8pt>
File: t3spcub15.pdf Graphic file (type pdf)
<use t3spcub15.pdf>
Package pdftex.def Info: t3spcub15.pdf  used on input line 344.
(pdftex.def)             Requested size: 232.17242pt x 174.1242pt.
<t3spcub31.pdf, id=214, 642.4pt x 481.8pt>
File: t3spcub31.pdf Graphic file (type pdf)
<use t3spcub31.pdf>
Package pdftex.def Info: t3spcub31.pdf  used on input line 347.
(pdftex.def)             Requested size: 232.17242pt x 174.1242pt.
<t3spcub63.pdf, id=215, 642.4pt x 481.8pt>
File: t3spcub63.pdf Graphic file (type pdf)
<use t3spcub63.pdf>
Package pdftex.def Info: t3spcub63.pdf  used on input line 350.
(pdftex.def)             Requested size: 232.17242pt x 174.1242pt.

(./relatorio.bbl [13 <./t3splin63.pdf> <./t3spcub7.pdf> <./t3spcub15.pdf> <./t3
spcub31.pdf> <./t3spcub63.pdf>] [14]) [15

] (./relatorio.aux)

LaTeX Warning: There were multiply-defined labels.

 ) 
Here is how much of TeX's memory you used:
 4261 strings out of 492649
 57729 string characters out of 6129622
 150032 words of memory out of 5000000
 8028 multiletter control sequences out of 15000+600000
 15856 words of font info for 60 fonts, out of 8000000 for 9000
 1141 hyphenation exceptions out of 8191
 41i,16n,29p,1138b,255s stack positions out of 5000i,500n,10000p,200000b,80000s
</usr/local/texlive/2018/texmf-dist/fonts/type1/public/amsfonts/cm/cmbx12.pfb
></usr/local/texlive/2018/texmf-dist/fonts/type1/public/amsfonts/cm/cmbx8.pfb><
/usr/local/texlive/2018/texmf-dist/fonts/type1/public/amsfonts/cm/cmex10.pfb></
usr/local/texlive/2018/texmf-dist/fonts/type1/public/amsfonts/cm/cmmi10.pfb></u
sr/local/texlive/2018/texmf-dist/fonts/type1/public/amsfonts/cm/cmmi12.pfb></us
r/local/texlive/2018/texmf-dist/fonts/type1/public/amsfonts/cm/cmmi6.pfb></usr/
local/texlive/2018/texmf-dist/fonts/type1/public/amsfonts/cm/cmmi8.pfb></usr/lo
cal/texlive/2018/texmf-dist/fonts/type1/public/amsfonts/cm/cmr10.pfb></usr/loca
l/texlive/2018/texmf-dist/fonts/type1/public/amsfonts/cm/cmr12.pfb></usr/local/
texlive/2018/texmf-dist/fonts/type1/public/amsfonts/cm/cmr6.pfb></usr/local/tex
live/2018/texmf-dist/fonts/type1/public/amsfonts/cm/cmr8.pfb></usr/local/texliv
e/2018/texmf-dist/fonts/type1/public/amsfonts/cm/cmsy10.pfb></usr/local/texlive
/2018/texmf-dist/fonts/type1/public/amsfonts/cm/cmsy8.pfb></usr/local/texlive/2
018/texmf-dist/fonts/type1/public/amsfonts/cm/cmti12.pfb></usr/local/texlive/20
18/texmf-dist/fonts/type1/public/amsfonts/symbols/msbm10.pfb>
Output written on relatorio.pdf (15 pages, 1584443 bytes).
PDF statistics:
 320 PDF objects out of 1000 (max. 8388607)
 221 compressed objects within 3 object streams
 0 named destinations out of 1000 (max. 500000)
 111 words of extra memory for PDF output out of 10000 (max. 10000000)

